13.3.2023, 15:22:05 - INFO - Server is running on port: 4200 
13.3.2023, 15:22:12 - INFO - Server is running on port: 4200 
13.3.2023, 16:01:11 - INFO - Server is running on port: 4200 
13.3.2023, 16:01:29 - INFO - Server is running on port: 4200 
13.3.2023, 16:01:37 - INFO - Server is running on port: 4200 
13.3.2023, 16:02:01 - INFO - Server is running on port: 4200 
13.3.2023, 16:02:54 - INFO - Server is running on port: 4200 
13.3.2023, 16:03:57 - DEBUG - Getting stays 
13.3.2023, 16:04:20 - ERROR - Failed to get stay | ReferenceError: logger is not defined 
13.3.2023, 16:05:43 - INFO - Server is running on port: 4200 
13.3.2023, 16:05:46 - ERROR - Failed to get stay | ReferenceError: logger is not defined 
13.3.2023, 16:06:00 - INFO - Server is running on port: 4200 
13.3.2023, 16:06:01 - ERROR - Failed to get stay | ReferenceError: logger is not defined 
13.3.2023, 16:06:05 - INFO - Server is running on port: 4200 
13.3.2023, 16:06:13 - INFO - Server is running on port: 4200 
13.3.2023, 16:06:20 - ERROR - Failed to get stay | ReferenceError: logger is not defined 
13.3.2023, 16:06:39 - ERROR - Failed to get stay | ReferenceError: logger is not defined 
13.3.2023, 16:06:46 - ERROR - Failed to get stay | ReferenceError: logger is not defined 
13.3.2023, 16:07:28 - DEBUG - Getting stays 
13.3.2023, 16:07:50 - DEBUG - Getting stays 
13.3.2023, 16:08:05 - ERROR - Failed to get stay | ReferenceError: logger is not defined 
13.3.2023, 16:09:19 - INFO - Server is running on port: 4200 
13.3.2023, 16:09:21 - INFO - Server is running on port: 4200 
13.3.2023, 16:09:26 - ERROR - Failed to get stay | ReferenceError: logger is not defined 
13.3.2023, 16:10:20 - INFO - Server is running on port: 4200 
13.3.2023, 16:11:05 - INFO - Server is running on port: 4200 
13.3.2023, 16:11:08 - ERROR - Failed to get stay | ReferenceError: logger is not defined 
13.3.2023, 16:11:38 - INFO - Server is running on port: 4200 
13.3.2023, 16:11:45 - INFO - Server is running on port: 4200 
13.3.2023, 16:11:47 - ERROR - Failed to get stay | ReferenceError: logger is not defined 
13.3.2023, 16:12:17 - INFO - Server is running on port: 4200 
13.3.2023, 16:12:19 - ERROR - Failed to get stay | ReferenceError: logger is not defined 
13.3.2023, 16:12:37 - INFO - Server is running on port: 4200 
13.3.2023, 16:12:39 - ERROR - Failed to get stay | ReferenceError: logger is not defined 
13.3.2023, 16:12:55 - INFO - Server is running on port: 4200 
13.3.2023, 16:12:57 - ERROR - while finding stay 640f1a201c1c4cc4add67107 | TypeError: Class constructor ObjectId cannot be invoked without 'new' 
13.3.2023, 16:12:57 - ERROR - Failed to get stay | TypeError: Class constructor ObjectId cannot be invoked without 'new' 
13.3.2023, 16:13:39 - INFO - Server is running on port: 4200 
13.3.2023, 16:13:42 - ERROR - Failed to get stay | TypeError: Class constructor ObjectId cannot be invoked without 'new' 
13.3.2023, 16:13:47 - DEBUG - Getting stays 
13.3.2023, 16:13:50 - ERROR - Failed to get stay | TypeError: Class constructor ObjectId cannot be invoked without 'new' 
13.3.2023, 16:14:08 - INFO - Server is running on port: 4200 
13.3.2023, 16:14:43 - INFO - Server is running on port: 4200 
13.3.2023, 16:21:47 - DEBUG - Getting stays 
13.3.2023, 16:56:11 - INFO - Server is running on port: 4200 
13.3.2023, 17:26:18 - INFO - Server is running on port: 4200 
13.3.2023, 17:33:38 - DEBUG - Getting orders 
13.3.2023, 17:44:24 - INFO - Server is running on port: 4200 
13.3.2023, 17:55:13 - INFO - Server is running on port: 4200 
13.3.2023, 17:55:22 - INFO - Server is running on port: 4200 
13.3.2023, 17:55:33 - INFO - Server is running on port: 4200 
13.3.2023, 17:55:54 - INFO - Server is running on port: 4200 
13.3.2023, 17:56:01 - INFO - Server is running on port: 4200 
13.3.2023, 17:56:10 - INFO - Server is running on port: 4200 
13.3.2023, 18:02:13 - INFO - Server is running on port: 4200 
13.3.2023, 18:02:16 - INFO - Server is running on port: 4200 
13.3.2023, 18:09:21 - INFO - Server is running on port: 4200 
13.3.2023, 18:14:40 - INFO - Server is running on port: 4200 
13.3.2023, 18:14:44 - INFO - Server is running on port: 4200 
13.3.2023, 18:15:04 - INFO - Server is running on port: 4200 
13.3.2023, 19:06:00 - INFO - Server is running on port: 4200 
13.3.2023, 19:06:07 - DEBUG - Getting stays 
13.3.2023, 19:06:37 - DEBUG - Getting stays 
13.3.2023, 19:07:06 - INFO - Server is running on port: 4200 
13.3.2023, 19:07:08 - DEBUG - Getting stays 
13.3.2023, 19:07:56 - INFO - Server is running on port: 4200 
13.3.2023, 19:07:59 - DEBUG - Getting stays 
13.3.2023, 19:08:31 - INFO - Server is running on port: 4200 
13.3.2023, 19:08:31 - DEBUG - Getting stays 
13.3.2023, 19:09:09 - INFO - Server is running on port: 4200 
13.3.2023, 19:09:09 - DEBUG - Getting stays 
13.3.2023, 19:11:52 - INFO - Server is running on port: 4200 
13.3.2023, 19:11:57 - DEBUG - Getting stays 
13.3.2023, 19:12:41 - DEBUG - Getting stays 
13.3.2023, 19:16:52 - INFO - Server is running on port: 4200 
13.3.2023, 19:17:12 - DEBUG - Getting stays 
13.3.2023, 19:17:35 - DEBUG - Getting stays 
13.3.2023, 19:18:15 - DEBUG - Getting stays 
13.3.2023, 20:34:20 - INFO - Server is running on port: 4200 
13.3.2023, 20:35:05 - DEBUG - Getting stays 
13.3.2023, 20:35:34 - DEBUG - Getting stays 
13.3.2023, 20:35:34 - ERROR - cannot find stays | TypeError: Cannot set properties of undefined (setting 'address') 
13.3.2023, 20:35:34 - ERROR - Failed to get stays | TypeError: Cannot set properties of undefined (setting 'address') 
13.3.2023, 20:35:53 - DEBUG - Getting stays 
13.3.2023, 20:35:53 - ERROR - Failed to get stays | TypeError: Cannot set properties of undefined (setting 'address') 
13.3.2023, 20:35:53 - ERROR - cannot find stays | TypeError: Cannot set properties of undefined (setting 'address') 
13.3.2023, 20:35:54 - DEBUG - Getting stays 
13.3.2023, 20:35:54 - ERROR - cannot find stays | TypeError: Cannot set properties of undefined (setting 'address') 
13.3.2023, 20:35:54 - ERROR - Failed to get stays | TypeError: Cannot set properties of undefined (setting 'address') 
13.3.2023, 20:35:55 - DEBUG - Getting stays 
13.3.2023, 20:35:55 - ERROR - cannot find stays | TypeError: Cannot set properties of undefined (setting 'address') 
13.3.2023, 20:35:55 - ERROR - Failed to get stays | TypeError: Cannot set properties of undefined (setting 'address') 
13.3.2023, 20:35:55 - ERROR - cannot find stays | TypeError: Cannot set properties of undefined (setting 'address') 
13.3.2023, 20:35:55 - ERROR - Failed to get stays | TypeError: Cannot set properties of undefined (setting 'address') 
13.3.2023, 20:35:55 - DEBUG - Getting stays 
13.3.2023, 20:36:02 - DEBUG - Getting stays 
13.3.2023, 20:36:02 - ERROR - cannot find stays | TypeError: Cannot set properties of undefined (setting 'address') 
13.3.2023, 20:36:02 - ERROR - Failed to get stays | TypeError: Cannot set properties of undefined (setting 'address') 
13.3.2023, 20:36:04 - ERROR - cannot find stays | TypeError: Cannot set properties of undefined (setting 'address') 
13.3.2023, 20:36:04 - DEBUG - Getting stays 
13.3.2023, 20:36:04 - ERROR - Failed to get stays | TypeError: Cannot set properties of undefined (setting 'address') 
13.3.2023, 20:37:42 - INFO - Server is running on port: 4200 
13.3.2023, 20:38:17 - DEBUG - Getting stays 
13.3.2023, 20:38:40 - DEBUG - Getting stays 
13.3.2023, 20:38:43 - DEBUG - Getting stays 
13.3.2023, 20:52:22 - INFO - Server is running on port: 4200 
13.3.2023, 20:52:36 - INFO - Server is running on port: 4200 
13.3.2023, 20:52:43 - DEBUG - Getting stays 
13.3.2023, 20:53:58 - INFO - Server is running on port: 4200 
13.3.2023, 20:57:19 - DEBUG - Getting stays 
13.3.2023, 20:57:19 - ERROR - cannot find stays | TypeError: Class constructor ObjectId cannot be invoked without 'new' 
13.3.2023, 20:57:19 - ERROR - Failed to get stays | TypeError: Class constructor ObjectId cannot be invoked without 'new' 
13.3.2023, 20:57:22 - DEBUG - Getting stays 
13.3.2023, 20:57:22 - ERROR - cannot find stays | TypeError: Class constructor ObjectId cannot be invoked without 'new' 
13.3.2023, 20:57:22 - ERROR - Failed to get stays | TypeError: Class constructor ObjectId cannot be invoked without 'new' 
13.3.2023, 20:58:04 - INFO - Server is running on port: 4200 
13.3.2023, 20:58:07 - DEBUG - Getting stays 
13.3.2023, 20:58:55 - DEBUG - Getting stays 
13.3.2023, 20:59:41 - INFO - Server is running on port: 4200 
13.3.2023, 20:59:47 - DEBUG - Getting stays 
13.3.2023, 21:00:24 - INFO - Server is running on port: 4200 
13.3.2023, 21:00:58 - INFO - Server is running on port: 4200 
13.3.2023, 21:01:47 - DEBUG - Getting stays 
13.3.2023, 21:01:48 - ERROR - cannot find stays | MongoServerError: $in needs an array 
13.3.2023, 21:01:48 - ERROR - Failed to get stays | MongoServerError: $in needs an array 
13.3.2023, 21:02:14 - INFO - Server is running on port: 4200 
13.3.2023, 21:02:19 - DEBUG - Getting stays 
13.3.2023, 21:02:41 - INFO - Server is running on port: 4200 
13.3.2023, 21:02:51 - INFO - Server is running on port: 4200 
13.3.2023, 21:11:19 - INFO - Server is running on port: 4200 
13.3.2023, 21:13:43 - INFO - Server is running on port: 4200 
13.3.2023, 21:16:56 - INFO - Server is running on port: 4200 
13.3.2023, 21:17:08 - INFO - Server is running on port: 4200 
13.3.2023, 21:17:40 - INFO - Server is running on port: 4200 
13.3.2023, 21:18:09 - INFO - Server is running on port: 4200 
13.3.2023, 21:18:28 - INFO - Server is running on port: 4200 
13.3.2023, 21:18:53 - INFO - Server is running on port: 4200 
14.3.2023, 14:14:54 - INFO - Server is running on port: 4200 
14.3.2023, 14:42:41 - DEBUG - Getting stays 
14.3.2023, 14:42:41 - DEBUG - Getting orders 
14.3.2023, 14:57:02 - DEBUG - Getting stays 
14.3.2023, 14:57:02 - DEBUG - Getting orders 
14.3.2023, 14:58:01 - DEBUG - Getting stays 
14.3.2023, 14:58:01 - DEBUG - Getting orders 
14.3.2023, 14:58:27 - DEBUG - Getting stays 
14.3.2023, 14:58:28 - DEBUG - Getting stays 
14.3.2023, 14:59:18 - DEBUG - Getting stays 
14.3.2023, 14:59:36 - DEBUG - Getting stays 
14.3.2023, 14:59:37 - DEBUG - Getting stays 
14.3.2023, 15:00:12 - DEBUG - auth.service - signup with username: idan, fullname: idan david 
14.3.2023, 15:00:12 - DEBUG - Getting stays 
14.3.2023, 15:00:12 - ERROR - Failed to signup Username already taken 
14.3.2023, 15:01:33 - INFO - Server is running on port: 3030 
14.3.2023, 15:02:15 - DEBUG - Getting stays 
14.3.2023, 15:02:18 - DEBUG - Getting stays 
14.3.2023, 15:02:51 - INFO - Server is running on port: 3030 
14.3.2023, 15:04:57 - INFO - Server is running on port: 3030 
14.3.2023, 15:05:32 - DEBUG - auth.service - signup with username: idan, fullname: idan david 
14.3.2023, 15:05:32 - DEBUG - Getting stays 
14.3.2023, 15:05:33 - DEBUG - auth.route - new account created: {"username":"idan","password":"$2b$10$L0wDMBapKHBV7KxrqJXbEuA8lyFiLGLj5lPcdU7WZBvwvR9BsYe.K","fullname":"idan david","imgUrl":"https://res.cloudinary.com/dcwibf9o5/image/upload/v1678799134/rlkzlayoq0ss6dfst40q.jpg","_id":"6410711d7aae5eb4b8c3218b"} 
14.3.2023, 15:05:33 - DEBUG - auth.service - login with username: idan 
14.3.2023, 15:05:34 - INFO - User signup: | {"_id":"6410711d7aae5eb4b8c3218b","username":"idan","fullname":"idan david","imgUrl":"https://res.cloudinary.com/dcwibf9o5/image/upload/v1678799134/rlkzlayoq0ss6dfst40q.jpg"} 
14.3.2023, 15:05:44 - DEBUG - Getting stays 
14.3.2023, 15:05:46 - DEBUG - Getting stays 
14.3.2023, 15:07:31 - DEBUG - Getting stays 
14.3.2023, 15:07:32 - DEBUG - Getting stays 
14.3.2023, 15:09:56 - DEBUG - Getting stays 
14.3.2023, 15:09:56 - DEBUG - Getting stays 
14.3.2023, 15:10:10 - DEBUG - auth.service - login with username: idan 
14.3.2023, 15:10:10 - DEBUG - Getting stays 
14.3.2023, 15:10:10 - INFO - User login:  | {"_id":"6410711d7aae5eb4b8c3218b","username":"idan","fullname":"idan david","imgUrl":"https://res.cloudinary.com/dcwibf9o5/image/upload/v1678799134/rlkzlayoq0ss6dfst40q.jpg"} 
14.3.2023, 15:10:57 - DEBUG - Getting stays 
14.3.2023, 15:10:58 - DEBUG - Getting stays 
14.3.2023, 15:12:18 - DEBUG - Getting stays 
14.3.2023, 15:12:19 - DEBUG - Getting stays 
14.3.2023, 15:12:30 - DEBUG - auth.service - login with username: idan 
14.3.2023, 15:12:30 - DEBUG - Getting stays 
14.3.2023, 15:12:30 - INFO - User login:  | {"_id":"6410711d7aae5eb4b8c3218b","username":"idan","fullname":"idan david","imgUrl":"https://res.cloudinary.com/dcwibf9o5/image/upload/v1678799134/rlkzlayoq0ss6dfst40q.jpg"} 
14.3.2023, 15:12:36 - DEBUG - Getting stays 
14.3.2023, 15:19:17 - DEBUG - Getting stays 
14.3.2023, 15:19:20 - DEBUG - Getting stays 
14.3.2023, 15:19:35 - DEBUG - auth.service - login with username: idan 
14.3.2023, 15:19:35 - DEBUG - Getting stays 
14.3.2023, 15:19:35 - INFO - User login:  | {"_id":"6410711d7aae5eb4b8c3218b","username":"idan","fullname":"idan david","imgUrl":"https://res.cloudinary.com/dcwibf9o5/image/upload/v1678799134/rlkzlayoq0ss6dfst40q.jpg"} 
14.3.2023, 15:19:41 - DEBUG - Getting stays 
14.3.2023, 15:19:51 - DEBUG - Getting stays 
14.3.2023, 15:19:54 - DEBUG - Getting orders 
14.3.2023, 15:19:56 - DEBUG - Getting orders 
14.3.2023, 15:21:55 - DEBUG - Getting stays 
14.3.2023, 15:22:07 - DEBUG - Getting stays 
14.3.2023, 15:22:07 - DEBUG - Getting stays 
14.3.2023, 15:22:25 - DEBUG - Getting stays 
14.3.2023, 15:22:26 - DEBUG - Getting stays 
14.3.2023, 15:22:32 - DEBUG - Getting stays 
14.3.2023, 15:22:33 - DEBUG - Getting stays 
14.3.2023, 15:22:45 - DEBUG - Getting stays 
14.3.2023, 15:22:48 - DEBUG - Getting stays 
14.3.2023, 15:25:32 - DEBUG - Getting stays 
14.3.2023, 15:26:01 - DEBUG - Getting stays 
14.3.2023, 15:26:04 - DEBUG - Getting stays 
14.3.2023, 15:27:41 - INFO - Server is running on port: 3030 
14.3.2023, 15:27:44 - DEBUG - Getting stays 
14.3.2023, 15:29:01 - DEBUG - Getting stays 
14.3.2023, 15:30:48 - DEBUG - Getting stays 
14.3.2023, 15:30:52 - DEBUG - Getting stays 
14.3.2023, 15:31:42 - INFO - Server is running on port: 3030 
14.3.2023, 15:32:12 - DEBUG - Getting stays 
14.3.2023, 15:32:12 - DEBUG - Getting stays 
14.3.2023, 15:32:48 - DEBUG - Getting stays 
14.3.2023, 15:32:48 - DEBUG - Getting stays 
14.3.2023, 15:32:55 - DEBUG - Getting orders 
14.3.2023, 15:33:18 - DEBUG - Getting stays 
14.3.2023, 15:34:03 - DEBUG - Getting stays 
14.3.2023, 15:34:03 - DEBUG - Getting stays 
14.3.2023, 15:34:08 - DEBUG - Getting stays 
14.3.2023, 15:34:08 - DEBUG - Getting stays 
14.3.2023, 15:34:28 - DEBUG - Getting stays 
14.3.2023, 15:34:56 - DEBUG - Getting stays 
14.3.2023, 15:34:56 - DEBUG - Getting stays 
14.3.2023, 15:35:02 - DEBUG - Getting stays 
14.3.2023, 15:35:15 - DEBUG - Getting stays 
14.3.2023, 15:35:31 - DEBUG - Getting stays 
14.3.2023, 15:35:31 - DEBUG - Getting stays 
14.3.2023, 15:35:47 - DEBUG - Getting stays 
14.3.2023, 15:35:47 - DEBUG - Getting stays 
14.3.2023, 15:36:24 - DEBUG - Getting stays 
14.3.2023, 15:37:34 - DEBUG - Getting stays 
14.3.2023, 15:37:43 - DEBUG - Getting stays 
14.3.2023, 15:37:44 - DEBUG - Getting stays 
14.3.2023, 15:38:29 - DEBUG - Getting stays 
15.3.2023, 9:48:05 - INFO - Server is running on port: 3030 
15.3.2023, 9:52:40 - DEBUG - Getting stays 
15.3.2023, 9:52:42 - DEBUG - Getting stays 
15.3.2023, 9:57:29 - DEBUG - Getting stays 
15.3.2023, 9:57:30 - DEBUG - Getting stays 
15.3.2023, 9:58:16 - DEBUG - Getting stays 
15.3.2023, 9:58:17 - DEBUG - Getting stays 
15.3.2023, 9:59:16 - DEBUG - Getting stays 
15.3.2023, 9:59:17 - DEBUG - Getting stays 
15.3.2023, 10:00:29 - DEBUG - Getting stays 
15.3.2023, 10:00:31 - DEBUG - Getting stays 
15.3.2023, 10:01:31 - DEBUG - Getting stays 
15.3.2023, 10:01:33 - DEBUG - Getting stays 
15.3.2023, 10:02:16 - DEBUG - Getting stays 
15.3.2023, 10:02:17 - DEBUG - Getting stays 
15.3.2023, 10:02:22 - DEBUG - Getting stays 
15.3.2023, 10:02:23 - DEBUG - Getting stays 
15.3.2023, 10:02:35 - DEBUG - Getting stays 
15.3.2023, 10:02:37 - DEBUG - Getting stays 
15.3.2023, 10:04:14 - DEBUG - Getting stays 
15.3.2023, 10:04:14 - DEBUG - Getting stays 
15.3.2023, 10:05:26 - DEBUG - Getting stays 
15.3.2023, 10:05:27 - DEBUG - Getting stays 
15.3.2023, 10:05:35 - DEBUG - Getting stays 
15.3.2023, 10:05:36 - DEBUG - Getting stays 
15.3.2023, 10:05:52 - DEBUG - Getting stays 
15.3.2023, 10:05:53 - DEBUG - Getting stays 
15.3.2023, 10:14:54 - DEBUG - Getting stays 
15.3.2023, 10:14:55 - DEBUG - Getting stays 
15.3.2023, 10:16:22 - DEBUG - Getting stays 
15.3.2023, 10:16:23 - DEBUG - Getting stays 
15.3.2023, 10:21:24 - DEBUG - Getting stays 
15.3.2023, 10:21:25 - DEBUG - Getting stays 
15.3.2023, 10:21:41 - DEBUG - Getting stays 
15.3.2023, 10:21:42 - DEBUG - Getting stays 
15.3.2023, 10:22:13 - DEBUG - Getting stays 
15.3.2023, 10:22:15 - DEBUG - Getting stays 
15.3.2023, 10:22:53 - DEBUG - Getting stays 
15.3.2023, 10:22:54 - DEBUG - Getting stays 
15.3.2023, 10:23:37 - DEBUG - Getting stays 
15.3.2023, 10:23:38 - DEBUG - Getting stays 
15.3.2023, 10:24:10 - DEBUG - Getting stays 
15.3.2023, 10:24:11 - DEBUG - Getting stays 
15.3.2023, 10:24:25 - DEBUG - Getting stays 
15.3.2023, 10:24:26 - DEBUG - Getting stays 
15.3.2023, 10:25:12 - DEBUG - Getting stays 
15.3.2023, 10:25:13 - DEBUG - Getting stays 
15.3.2023, 10:26:37 - DEBUG - Getting stays 
15.3.2023, 10:26:37 - DEBUG - Getting stays 
15.3.2023, 10:26:42 - DEBUG - Getting stays 
15.3.2023, 10:26:43 - DEBUG - Getting stays 
15.3.2023, 10:27:47 - DEBUG - Getting stays 
15.3.2023, 10:27:48 - DEBUG - Getting stays 
15.3.2023, 10:28:21 - DEBUG - Getting stays 
15.3.2023, 10:28:22 - DEBUG - Getting stays 
15.3.2023, 10:28:24 - DEBUG - Getting stays 
15.3.2023, 10:28:24 - DEBUG - Getting stays 
15.3.2023, 10:28:39 - DEBUG - Getting stays 
15.3.2023, 10:28:40 - DEBUG - Getting stays 
15.3.2023, 10:30:14 - DEBUG - Getting stays 
15.3.2023, 10:30:15 - DEBUG - Getting stays 
15.3.2023, 10:30:41 - DEBUG - Getting stays 
15.3.2023, 10:30:42 - DEBUG - Getting stays 
15.3.2023, 10:32:03 - DEBUG - Getting stays 
15.3.2023, 10:32:04 - DEBUG - Getting stays 
15.3.2023, 10:32:12 - DEBUG - Getting stays 
15.3.2023, 10:32:13 - DEBUG - Getting stays 
15.3.2023, 10:32:23 - DEBUG - Getting stays 
15.3.2023, 10:32:24 - DEBUG - Getting stays 
15.3.2023, 10:32:32 - DEBUG - Getting stays 
15.3.2023, 10:32:33 - DEBUG - Getting stays 
15.3.2023, 10:37:49 - DEBUG - Getting stays 
15.3.2023, 10:37:50 - DEBUG - Getting stays 
15.3.2023, 10:38:33 - DEBUG - Getting stays 
15.3.2023, 10:38:34 - DEBUG - Getting stays 
15.3.2023, 10:39:44 - DEBUG - Getting stays 
15.3.2023, 10:39:45 - DEBUG - Getting stays 
15.3.2023, 10:40:52 - DEBUG - Getting stays 
15.3.2023, 10:40:53 - DEBUG - Getting stays 
15.3.2023, 10:47:06 - DEBUG - Getting stays 
15.3.2023, 10:47:07 - DEBUG - Getting stays 
15.3.2023, 10:48:49 - DEBUG - Getting stays 
15.3.2023, 10:48:50 - DEBUG - Getting stays 
15.3.2023, 10:48:50 - DEBUG - Getting stays 
15.3.2023, 10:48:51 - DEBUG - Getting stays 
15.3.2023, 10:49:06 - DEBUG - Getting stays 
15.3.2023, 10:49:07 - DEBUG - Getting stays 
15.3.2023, 10:49:19 - DEBUG - Getting stays 
15.3.2023, 10:49:20 - DEBUG - Getting stays 
15.3.2023, 10:49:39 - DEBUG - Getting stays 
15.3.2023, 10:49:40 - DEBUG - Getting stays 
15.3.2023, 10:50:24 - DEBUG - Getting stays 
15.3.2023, 10:50:25 - DEBUG - Getting stays 
15.3.2023, 10:50:37 - DEBUG - Getting stays 
15.3.2023, 10:50:38 - DEBUG - Getting stays 
15.3.2023, 10:59:54 - DEBUG - Getting stays 
15.3.2023, 11:01:03 - DEBUG - Getting stays 
15.3.2023, 11:01:47 - DEBUG - Getting stays 
15.3.2023, 11:01:55 - DEBUG - Getting stays 
15.3.2023, 11:02:41 - DEBUG - Getting stays 
15.3.2023, 11:03:44 - DEBUG - Getting stays 
15.3.2023, 11:32:44 - DEBUG - Getting stays 
15.3.2023, 11:34:38 - DEBUG - Getting stays 
15.3.2023, 11:34:43 - DEBUG - Getting stays 
15.3.2023, 11:35:03 - DEBUG - Getting stays 
15.3.2023, 11:35:30 - DEBUG - Getting stays 
15.3.2023, 11:36:02 - DEBUG - Getting stays 
15.3.2023, 11:37:02 - DEBUG - Getting stays 
15.3.2023, 11:37:56 - DEBUG - Getting stays 
15.3.2023, 11:38:21 - DEBUG - Getting stays 
15.3.2023, 11:39:15 - DEBUG - Getting stays 
15.3.2023, 11:39:51 - DEBUG - Getting stays 
15.3.2023, 11:40:51 - DEBUG - Getting stays 
15.3.2023, 11:49:31 - DEBUG - Getting stays 
15.3.2023, 11:50:50 - DEBUG - Getting stays 
15.3.2023, 11:51:10 - DEBUG - Getting stays 
15.3.2023, 11:54:13 - DEBUG - Getting stays 
15.3.2023, 11:55:49 - DEBUG - Getting stays 
15.3.2023, 11:55:58 - DEBUG - Getting stays 
15.3.2023, 11:57:25 - DEBUG - Getting stays 
15.3.2023, 11:57:43 - DEBUG - Getting stays 
15.3.2023, 11:58:28 - DEBUG - Getting stays 
15.3.2023, 11:59:26 - DEBUG - Getting stays 
15.3.2023, 11:59:35 - DEBUG - Getting stays 
15.3.2023, 12:00:00 - DEBUG - Getting stays 
15.3.2023, 12:00:46 - DEBUG - Getting stays 
15.3.2023, 12:01:39 - DEBUG - Getting stays 
15.3.2023, 12:04:05 - DEBUG - Getting stays 
15.3.2023, 12:04:45 - DEBUG - Getting stays 
15.3.2023, 12:06:07 - DEBUG - Getting stays 
15.3.2023, 12:06:35 - DEBUG - Getting stays 
15.3.2023, 12:06:59 - DEBUG - Getting stays 
15.3.2023, 12:07:49 - DEBUG - Getting stays 
15.3.2023, 12:08:02 - DEBUG - Getting stays 
15.3.2023, 12:08:21 - DEBUG - Getting stays 
15.3.2023, 12:08:50 - DEBUG - Getting stays 
15.3.2023, 12:09:19 - DEBUG - Getting stays 
15.3.2023, 12:09:34 - DEBUG - Getting stays 
15.3.2023, 12:09:49 - DEBUG - Getting stays 
15.3.2023, 12:10:44 - DEBUG - Getting stays 
15.3.2023, 12:11:11 - DEBUG - Getting stays 
15.3.2023, 12:11:46 - DEBUG - Getting stays 
15.3.2023, 12:13:11 - DEBUG - Getting stays 
15.3.2023, 12:15:11 - DEBUG - Getting stays 
15.3.2023, 12:15:48 - DEBUG - Getting stays 
15.3.2023, 12:16:01 - DEBUG - Getting stays 
15.3.2023, 12:16:15 - DEBUG - Getting stays 
15.3.2023, 12:16:58 - DEBUG - Getting stays 
15.3.2023, 12:17:51 - DEBUG - Getting stays 
15.3.2023, 12:17:54 - DEBUG - Getting stays 
15.3.2023, 12:35:33 - DEBUG - Getting stays 
15.3.2023, 12:39:03 - DEBUG - Getting stays 
15.3.2023, 12:40:28 - DEBUG - Getting stays 
15.3.2023, 12:41:28 - DEBUG - Getting stays 
15.3.2023, 12:42:30 - DEBUG - Getting stays 
15.3.2023, 12:42:56 - DEBUG - Getting stays 
15.3.2023, 12:43:25 - DEBUG - Getting stays 
15.3.2023, 12:43:45 - DEBUG - Getting stays 
15.3.2023, 12:45:28 - DEBUG - Getting stays 
15.3.2023, 12:45:52 - DEBUG - Getting stays 
15.3.2023, 12:46:20 - DEBUG - Getting stays 
15.3.2023, 12:46:33 - DEBUG - Getting stays 
15.3.2023, 12:46:45 - DEBUG - Getting stays 
15.3.2023, 12:47:22 - DEBUG - Getting stays 
15.3.2023, 12:47:26 - DEBUG - Getting stays 
15.3.2023, 12:47:42 - DEBUG - Getting stays 
15.3.2023, 12:48:38 - DEBUG - Getting stays 
15.3.2023, 12:48:58 - DEBUG - Getting stays 
15.3.2023, 12:54:04 - DEBUG - Getting stays 
15.3.2023, 12:54:34 - DEBUG - Getting stays 
15.3.2023, 12:55:55 - DEBUG - Getting stays 
15.3.2023, 12:57:47 - DEBUG - Getting stays 
15.3.2023, 12:58:23 - DEBUG - Getting stays 
15.3.2023, 12:58:32 - DEBUG - Getting stays 
15.3.2023, 12:58:45 - DEBUG - Getting stays 
15.3.2023, 12:59:31 - DEBUG - Getting stays 
15.3.2023, 12:59:56 - DEBUG - Getting stays 
15.3.2023, 13:00:08 - DEBUG - Getting stays 
15.3.2023, 13:00:42 - DEBUG - Getting stays 
15.3.2023, 13:02:00 - DEBUG - Getting stays 
15.3.2023, 13:02:27 - DEBUG - Getting stays 
15.3.2023, 13:02:57 - DEBUG - Getting stays 
15.3.2023, 13:03:15 - DEBUG - Getting stays 
15.3.2023, 13:03:25 - DEBUG - Getting stays 
15.3.2023, 13:03:35 - DEBUG - Getting stays 
15.3.2023, 13:03:55 - DEBUG - Getting stays 
15.3.2023, 13:04:47 - DEBUG - Getting stays 
15.3.2023, 13:04:56 - DEBUG - Getting stays 
15.3.2023, 13:06:09 - DEBUG - Getting stays 
15.3.2023, 13:06:29 - DEBUG - Getting stays 
15.3.2023, 13:07:04 - DEBUG - Getting stays 
15.3.2023, 13:08:21 - DEBUG - Getting stays 
15.3.2023, 13:08:27 - DEBUG - Getting stays 
15.3.2023, 13:08:48 - DEBUG - Getting stays 
15.3.2023, 13:08:58 - DEBUG - Getting stays 
15.3.2023, 13:09:39 - DEBUG - Getting stays 
15.3.2023, 13:09:40 - DEBUG - Getting stays 
15.3.2023, 13:10:16 - DEBUG - Getting stays 
15.3.2023, 13:11:24 - DEBUG - Getting stays 
15.3.2023, 13:12:53 - DEBUG - Getting stays 
15.3.2023, 13:12:54 - DEBUG - Getting stays 
15.3.2023, 13:13:17 - DEBUG - Getting stays 
15.3.2023, 13:13:18 - DEBUG - Getting stays 
15.3.2023, 13:13:32 - DEBUG - Getting stays 
15.3.2023, 13:13:33 - DEBUG - Getting stays 
15.3.2023, 13:13:57 - DEBUG - Getting stays 
15.3.2023, 13:13:58 - DEBUG - Getting stays 
15.3.2023, 13:14:04 - DEBUG - Getting stays 
15.3.2023, 13:14:05 - DEBUG - Getting stays 
15.3.2023, 13:14:37 - DEBUG - Getting stays 
15.3.2023, 13:14:38 - DEBUG - Getting stays 
15.3.2023, 13:14:43 - DEBUG - Getting stays 
15.3.2023, 13:14:44 - DEBUG - Getting stays 
15.3.2023, 13:18:00 - DEBUG - Getting stays 
15.3.2023, 13:18:01 - DEBUG - Getting stays 
15.3.2023, 13:18:51 - DEBUG - Getting stays 
15.3.2023, 13:18:52 - DEBUG - Getting stays 
15.3.2023, 13:22:36 - DEBUG - Getting stays 
15.3.2023, 13:22:36 - DEBUG - Getting stays 
15.3.2023, 13:23:43 - DEBUG - Getting stays 
15.3.2023, 13:23:44 - DEBUG - Getting stays 
15.3.2023, 13:24:02 - DEBUG - Getting stays 
15.3.2023, 13:24:03 - DEBUG - Getting stays 
15.3.2023, 13:24:16 - DEBUG - Getting stays 
15.3.2023, 13:24:17 - DEBUG - Getting stays 
15.3.2023, 13:25:00 - DEBUG - Getting stays 
15.3.2023, 13:25:01 - DEBUG - Getting stays 
15.3.2023, 13:25:11 - DEBUG - Getting stays 
15.3.2023, 13:25:12 - DEBUG - Getting stays 
15.3.2023, 13:25:26 - DEBUG - Getting stays 
15.3.2023, 13:25:27 - DEBUG - Getting stays 
15.3.2023, 13:25:30 - DEBUG - Getting stays 
15.3.2023, 13:25:31 - DEBUG - Getting stays 
15.3.2023, 13:25:54 - DEBUG - Getting stays 
15.3.2023, 13:25:55 - DEBUG - Getting stays 
15.3.2023, 13:26:36 - DEBUG - Getting stays 
15.3.2023, 13:26:37 - DEBUG - Getting stays 
15.3.2023, 13:26:53 - DEBUG - Getting stays 
15.3.2023, 13:26:54 - DEBUG - Getting stays 
15.3.2023, 13:27:54 - DEBUG - Getting stays 
15.3.2023, 13:27:55 - DEBUG - Getting stays 
15.3.2023, 13:28:12 - DEBUG - Getting stays 
15.3.2023, 13:28:12 - DEBUG - Getting stays 
15.3.2023, 13:29:27 - DEBUG - Getting stays 
15.3.2023, 13:29:28 - DEBUG - Getting stays 
15.3.2023, 13:29:40 - DEBUG - Getting stays 
15.3.2023, 13:29:41 - DEBUG - Getting stays 
15.3.2023, 13:30:59 - DEBUG - Getting stays 
15.3.2023, 13:31:00 - DEBUG - Getting stays 
15.3.2023, 13:31:48 - DEBUG - Getting stays 
15.3.2023, 13:31:49 - DEBUG - Getting stays 
15.3.2023, 13:32:42 - DEBUG - Getting stays 
15.3.2023, 13:32:43 - DEBUG - Getting stays 
15.3.2023, 13:33:12 - DEBUG - Getting stays 
15.3.2023, 13:33:13 - DEBUG - Getting stays 
15.3.2023, 13:33:26 - DEBUG - Getting stays 
15.3.2023, 13:33:27 - DEBUG - Getting stays 
15.3.2023, 13:34:46 - DEBUG - Getting stays 
15.3.2023, 13:34:47 - DEBUG - Getting stays 
15.3.2023, 13:35:27 - DEBUG - Getting stays 
15.3.2023, 13:35:28 - DEBUG - Getting stays 
15.3.2023, 13:36:16 - DEBUG - Getting stays 
15.3.2023, 13:36:17 - DEBUG - Getting stays 
15.3.2023, 13:36:20 - DEBUG - Getting stays 
15.3.2023, 13:36:21 - DEBUG - Getting stays 
15.3.2023, 13:37:27 - DEBUG - Getting stays 
15.3.2023, 13:37:28 - DEBUG - Getting stays 
15.3.2023, 13:37:59 - DEBUG - Getting stays 
15.3.2023, 13:38:00 - DEBUG - Getting stays 
15.3.2023, 13:38:03 - DEBUG - Getting stays 
15.3.2023, 13:38:04 - DEBUG - Getting stays 
15.3.2023, 13:39:07 - DEBUG - Getting stays 
15.3.2023, 13:39:08 - DEBUG - Getting stays 
15.3.2023, 13:39:50 - DEBUG - Getting stays 
15.3.2023, 13:39:51 - DEBUG - Getting stays 
15.3.2023, 13:40:28 - DEBUG - Getting stays 
15.3.2023, 13:40:29 - DEBUG - Getting stays 
15.3.2023, 13:46:18 - DEBUG - Getting stays 
15.3.2023, 13:46:19 - DEBUG - Getting stays 
15.3.2023, 13:46:44 - DEBUG - Getting stays 
15.3.2023, 13:46:45 - DEBUG - Getting stays 
15.3.2023, 13:47:09 - DEBUG - Getting stays 
15.3.2023, 13:47:23 - DEBUG - Getting stays 
15.3.2023, 13:47:24 - DEBUG - Getting stays 
15.3.2023, 13:47:25 - DEBUG - Getting stays 
15.3.2023, 14:39:49 - DEBUG - Getting stays 
15.3.2023, 14:39:50 - DEBUG - Getting stays 
15.3.2023, 14:44:12 - DEBUG - Getting stays 
15.3.2023, 14:44:41 - DEBUG - Getting stays 
15.3.2023, 14:46:29 - DEBUG - Getting stays 
15.3.2023, 14:46:42 - DEBUG - Getting stays 
15.3.2023, 14:46:53 - DEBUG - Getting stays 
15.3.2023, 14:47:15 - DEBUG - Getting stays 
15.3.2023, 14:47:41 - DEBUG - Getting stays 
15.3.2023, 14:47:56 - DEBUG - Getting stays 
15.3.2023, 14:49:09 - DEBUG - Getting stays 
15.3.2023, 14:49:30 - DEBUG - Getting stays 
15.3.2023, 14:50:14 - DEBUG - Getting stays 
15.3.2023, 14:50:49 - DEBUG - Getting stays 
15.3.2023, 14:51:28 - DEBUG - Getting stays 
15.3.2023, 14:51:53 - DEBUG - Getting stays 
15.3.2023, 14:52:09 - DEBUG - Getting stays 
15.3.2023, 14:52:11 - DEBUG - Getting stays 
15.3.2023, 14:53:50 - DEBUG - Getting stays 
15.3.2023, 14:56:47 - DEBUG - Getting stays 
15.3.2023, 14:57:08 - DEBUG - Getting stays 
15.3.2023, 14:57:44 - DEBUG - Getting stays 
15.3.2023, 14:58:43 - DEBUG - Getting stays 
15.3.2023, 14:59:25 - DEBUG - Getting stays 
15.3.2023, 15:00:32 - DEBUG - Getting stays 
15.3.2023, 15:00:41 - DEBUG - Getting stays 
15.3.2023, 15:01:09 - DEBUG - Getting stays 
15.3.2023, 15:02:36 - DEBUG - Getting stays 
15.3.2023, 15:03:09 - DEBUG - Getting stays 
15.3.2023, 15:03:42 - DEBUG - Getting stays 
15.3.2023, 15:04:44 - DEBUG - Getting stays 
15.3.2023, 15:05:53 - DEBUG - Getting stays 
15.3.2023, 15:06:05 - DEBUG - Getting stays 
15.3.2023, 15:06:22 - DEBUG - Getting stays 
15.3.2023, 15:07:00 - DEBUG - Getting stays 
15.3.2023, 15:07:20 - DEBUG - Getting stays 
15.3.2023, 15:08:02 - DEBUG - Getting stays 
15.3.2023, 15:09:01 - DEBUG - Getting stays 
15.3.2023, 15:10:23 - DEBUG - Getting stays 
15.3.2023, 15:10:32 - DEBUG - Getting stays 
15.3.2023, 15:10:47 - DEBUG - Getting stays 
15.3.2023, 15:11:01 - DEBUG - Getting stays 
15.3.2023, 15:11:35 - DEBUG - Getting stays 
15.3.2023, 15:11:59 - DEBUG - Getting stays 
15.3.2023, 15:21:24 - DEBUG - Getting stays 
15.3.2023, 15:22:49 - DEBUG - Getting stays 
15.3.2023, 15:23:52 - DEBUG - Getting stays 
15.3.2023, 15:24:57 - DEBUG - Getting stays 
15.3.2023, 15:25:11 - DEBUG - Getting stays 
15.3.2023, 15:25:41 - DEBUG - Getting stays 
15.3.2023, 15:26:15 - DEBUG - Getting stays 
15.3.2023, 15:26:38 - DEBUG - Getting stays 
15.3.2023, 15:27:28 - DEBUG - Getting stays 
15.3.2023, 15:27:47 - DEBUG - Getting stays 
15.3.2023, 15:27:53 - DEBUG - Getting stays 
15.3.2023, 15:28:27 - DEBUG - Getting stays 
15.3.2023, 15:28:53 - DEBUG - Getting stays 
15.3.2023, 16:01:14 - DEBUG - Getting stays 
15.3.2023, 16:02:49 - DEBUG - Getting stays 
15.3.2023, 16:04:26 - DEBUG - Getting stays 
15.3.2023, 16:06:14 - DEBUG - Getting stays 
15.3.2023, 16:07:03 - DEBUG - Getting stays 
15.3.2023, 16:07:27 - DEBUG - Getting stays 
15.3.2023, 16:09:03 - DEBUG - Getting stays 
15.3.2023, 16:10:13 - DEBUG - Getting stays 
15.3.2023, 16:13:37 - DEBUG - Getting stays 
15.3.2023, 16:14:15 - DEBUG - Getting stays 
15.3.2023, 16:14:19 - DEBUG - Getting stays 
15.3.2023, 16:14:22 - DEBUG - Getting stays 
15.3.2023, 16:15:17 - DEBUG - Getting stays 
15.3.2023, 16:15:43 - DEBUG - Getting stays 
15.3.2023, 16:15:50 - DEBUG - Getting stays 
15.3.2023, 16:31:14 - DEBUG - Getting stays 
15.3.2023, 16:32:13 - DEBUG - Getting stays 
15.3.2023, 16:32:45 - DEBUG - Getting stays 
15.3.2023, 16:33:34 - DEBUG - Getting stays 
15.3.2023, 16:34:31 - DEBUG - Getting stays 
15.3.2023, 16:34:48 - DEBUG - Getting stays 
15.3.2023, 16:35:27 - DEBUG - Getting stays 
15.3.2023, 16:35:46 - DEBUG - Getting stays 
15.3.2023, 16:36:20 - DEBUG - Getting stays 
15.3.2023, 16:37:23 - DEBUG - Getting stays 
15.3.2023, 16:37:39 - DEBUG - Getting stays 
15.3.2023, 16:40:06 - DEBUG - Getting stays 
15.3.2023, 16:40:38 - DEBUG - Getting stays 
15.3.2023, 16:41:28 - DEBUG - Getting stays 
15.3.2023, 16:41:55 - DEBUG - Getting stays 
15.3.2023, 16:42:16 - DEBUG - Getting stays 
15.3.2023, 16:43:28 - DEBUG - Getting stays 
15.3.2023, 16:45:35 - DEBUG - Getting stays 
15.3.2023, 16:46:54 - DEBUG - Getting stays 
15.3.2023, 16:47:05 - DEBUG - Getting stays 
15.3.2023, 16:47:16 - DEBUG - Getting stays 
15.3.2023, 16:48:42 - ERROR - while finding stay header | BSONError: Argument passed in must be a string of 12 bytes or a string of 24 hex characters or an integer 
15.3.2023, 16:48:42 - ERROR - Failed to get stay | BSONError: Argument passed in must be a string of 12 bytes or a string of 24 hex characters or an integer 
15.3.2023, 22:05:59 - INFO - Server is running on port: 3030 
15.3.2023, 22:12:33 - DEBUG - Getting stays 
15.3.2023, 22:12:36 - DEBUG - Getting stays 
15.3.2023, 23:47:55 - DEBUG - Getting stays 
15.3.2023, 23:47:58 - DEBUG - Getting stays 
15.3.2023, 23:50:36 - DEBUG - auth.service - signup with username: , fullname: ida 
15.3.2023, 23:50:36 - ERROR - Failed to signup Missing required signup information 
15.3.2023, 23:51:34 - DEBUG - auth.service - signup with username: , fullname: ida 
15.3.2023, 23:51:34 - ERROR - Failed to signup Missing required signup information 
15.3.2023, 23:51:35 - DEBUG - auth.service - signup with username: , fullname: ida 
15.3.2023, 23:51:35 - ERROR - Failed to signup Missing required signup information 
16.3.2023, 10:33:19 - INFO - Server is running on port: 3030 
16.3.2023, 10:33:25 - DEBUG - Getting stays 
16.3.2023, 10:33:27 - DEBUG - Getting stays 
16.3.2023, 10:52:22 - DEBUG - Getting stays 
16.3.2023, 10:52:23 - DEBUG - Getting stays 
16.3.2023, 11:04:19 - DEBUG - Getting stays 
16.3.2023, 11:04:20 - DEBUG - Getting stays 
16.3.2023, 11:05:33 - DEBUG - Getting stays 
16.3.2023, 11:09:55 - DEBUG - Getting stays 
16.3.2023, 11:14:11 - DEBUG - Getting stays 
16.3.2023, 11:17:13 - DEBUG - Getting stays 
16.3.2023, 11:19:44 - DEBUG - Getting stays 
16.3.2023, 11:22:34 - DEBUG - Getting stays 
16.3.2023, 11:22:43 - DEBUG - Getting stays 
16.3.2023, 11:23:20 - DEBUG - Getting stays 
16.3.2023, 11:25:34 - DEBUG - Getting stays 
16.3.2023, 11:27:16 - DEBUG - Getting stays 
16.3.2023, 11:27:56 - DEBUG - Getting stays 
16.3.2023, 11:28:24 - DEBUG - Getting stays 
16.3.2023, 11:29:09 - DEBUG - Getting stays 
16.3.2023, 11:30:18 - DEBUG - Getting stays 
16.3.2023, 11:30:48 - DEBUG - Getting stays 
16.3.2023, 11:32:21 - DEBUG - Getting stays 
16.3.2023, 11:32:36 - DEBUG - Getting stays 
16.3.2023, 11:33:20 - DEBUG - Getting stays 
16.3.2023, 11:33:25 - DEBUG - Getting stays 
16.3.2023, 11:34:19 - DEBUG - Getting stays 
16.3.2023, 11:34:24 - DEBUG - Getting stays 
16.3.2023, 11:35:05 - DEBUG - Getting stays 
16.3.2023, 11:35:47 - DEBUG - Getting stays 
16.3.2023, 11:35:55 - DEBUG - Getting stays 
16.3.2023, 11:35:56 - DEBUG - Getting stays 
16.3.2023, 11:36:20 - DEBUG - Getting stays 
16.3.2023, 11:36:21 - DEBUG - Getting stays 
16.3.2023, 11:37:20 - DEBUG - Getting stays 
16.3.2023, 11:41:43 - DEBUG - Getting stays 
16.3.2023, 12:20:01 - DEBUG - Getting stays 
16.3.2023, 12:20:19 - DEBUG - Getting stays 
16.3.2023, 12:22:27 - DEBUG - Getting stays 
16.3.2023, 12:24:47 - DEBUG - Getting stays 
16.3.2023, 12:25:38 - DEBUG - Getting stays 
16.3.2023, 12:27:26 - DEBUG - Getting stays 
16.3.2023, 12:27:59 - DEBUG - Getting stays 
16.3.2023, 12:28:17 - DEBUG - Getting stays 
16.3.2023, 12:29:50 - DEBUG - Getting stays 
16.3.2023, 12:31:01 - DEBUG - Getting stays 
16.3.2023, 12:31:27 - DEBUG - Getting stays 
16.3.2023, 12:31:42 - DEBUG - Getting stays 
16.3.2023, 12:32:04 - DEBUG - Getting stays 
16.3.2023, 12:33:34 - DEBUG - Getting stays 
16.3.2023, 12:37:02 - DEBUG - Getting stays 
16.3.2023, 12:56:21 - DEBUG - Getting stays 
16.3.2023, 12:57:35 - DEBUG - Getting stays 
16.3.2023, 12:57:47 - DEBUG - Getting stays 
16.3.2023, 12:58:43 - DEBUG - Getting stays 
16.3.2023, 12:59:46 - DEBUG - Getting stays 
16.3.2023, 13:00:01 - DEBUG - Getting stays 
16.3.2023, 13:02:20 - DEBUG - Getting stays 
16.3.2023, 13:03:59 - DEBUG - Getting stays 
16.3.2023, 13:06:39 - DEBUG - Getting stays 
16.3.2023, 13:07:20 - DEBUG - Getting stays 
16.3.2023, 13:07:29 - DEBUG - Getting stays 
16.3.2023, 13:08:12 - DEBUG - Getting stays 
16.3.2023, 13:08:14 - DEBUG - Getting stays 
16.3.2023, 13:08:33 - DEBUG - Getting stays 
16.3.2023, 13:08:43 - DEBUG - Getting stays 
16.3.2023, 13:10:31 - DEBUG - Getting stays 
16.3.2023, 13:10:46 - DEBUG - Getting stays 
16.3.2023, 13:11:01 - DEBUG - Getting stays 
16.3.2023, 13:11:18 - DEBUG - Getting stays 
16.3.2023, 13:11:36 - DEBUG - Getting stays 
16.3.2023, 13:12:00 - DEBUG - Getting stays 
16.3.2023, 13:12:33 - DEBUG - Getting stays 
16.3.2023, 13:12:56 - DEBUG - Getting stays 
16.3.2023, 13:13:33 - DEBUG - Getting stays 
16.3.2023, 13:14:19 - DEBUG - Getting stays 
16.3.2023, 13:14:39 - DEBUG - Getting stays 
16.3.2023, 13:15:01 - DEBUG - Getting stays 
16.3.2023, 13:15:31 - DEBUG - Getting stays 
16.3.2023, 13:15:47 - DEBUG - Getting stays 
16.3.2023, 14:56:53 - DEBUG - Getting stays 
16.3.2023, 14:57:32 - DEBUG - Getting stays 
16.3.2023, 14:57:44 - DEBUG - Getting stays 
16.3.2023, 14:58:03 - DEBUG - Getting stays 
16.3.2023, 15:10:41 - DEBUG - Getting stays 
16.3.2023, 15:11:05 - DEBUG - Getting stays 
16.3.2023, 15:11:38 - DEBUG - Getting stays 
16.3.2023, 15:25:52 - DEBUG - Getting stays 
16.3.2023, 15:29:04 - DEBUG - Getting stays 
16.3.2023, 15:34:30 - DEBUG - Getting stays 
16.3.2023, 15:34:33 - DEBUG - Getting stays 
16.3.2023, 15:35:20 - DEBUG - Getting stays 
16.3.2023, 15:43:51 - DEBUG - Getting stays 
16.3.2023, 15:44:03 - DEBUG - Getting stays 
16.3.2023, 15:44:36 - DEBUG - Getting stays 
16.3.2023, 15:45:47 - DEBUG - Getting stays 
16.3.2023, 15:48:22 - DEBUG - Getting stays 
16.3.2023, 15:48:31 - DEBUG - Getting stays 
16.3.2023, 15:48:40 - DEBUG - Getting stays 
16.3.2023, 15:48:55 - DEBUG - Getting stays 
16.3.2023, 15:50:04 - DEBUG - Getting stays 
16.3.2023, 15:52:07 - DEBUG - Getting stays 
16.3.2023, 15:54:14 - DEBUG - Getting stays 
16.3.2023, 15:56:35 - DEBUG - Getting stays 
16.3.2023, 15:57:00 - DEBUG - Getting stays 
16.3.2023, 15:57:17 - DEBUG - Getting stays 
16.3.2023, 15:58:15 - DEBUG - Getting stays 
16.3.2023, 15:58:41 - DEBUG - Getting stays 
16.3.2023, 15:59:02 - DEBUG - Getting stays 
16.3.2023, 15:59:23 - DEBUG - Getting stays 
16.3.2023, 15:59:37 - DEBUG - Getting stays 
16.3.2023, 15:59:51 - DEBUG - Getting stays 
16.3.2023, 16:00:02 - DEBUG - Getting stays 
16.3.2023, 16:00:14 - DEBUG - Getting stays 
16.3.2023, 16:00:47 - DEBUG - Getting stays 
16.3.2023, 16:01:15 - DEBUG - Getting stays 
16.3.2023, 16:01:33 - DEBUG - Getting stays 
16.3.2023, 16:02:03 - DEBUG - Getting stays 
16.3.2023, 16:02:08 - DEBUG - Getting stays 
16.3.2023, 16:02:40 - DEBUG - Getting stays 
16.3.2023, 16:02:48 - DEBUG - Getting stays 
16.3.2023, 16:03:02 - DEBUG - Getting stays 
16.3.2023, 16:03:26 - DEBUG - Getting stays 
16.3.2023, 16:03:47 - DEBUG - Getting stays 
16.3.2023, 16:04:13 - DEBUG - Getting stays 
16.3.2023, 16:04:40 - DEBUG - Getting stays 
16.3.2023, 16:05:14 - DEBUG - Getting stays 
16.3.2023, 16:07:17 - DEBUG - Getting stays 
16.3.2023, 16:08:28 - DEBUG - Getting stays 
16.3.2023, 16:08:59 - DEBUG - Getting stays 
16.3.2023, 16:09:17 - DEBUG - Getting stays 
16.3.2023, 16:10:30 - DEBUG - Getting stays 
16.3.2023, 16:12:05 - DEBUG - Getting stays 
16.3.2023, 16:14:31 - DEBUG - Getting stays 
16.3.2023, 16:15:18 - DEBUG - Getting stays 
16.3.2023, 16:16:32 - DEBUG - Getting stays 
16.3.2023, 16:23:42 - DEBUG - Getting stays 
16.3.2023, 16:24:51 - DEBUG - Getting stays 
16.3.2023, 16:25:14 - DEBUG - Getting stays 
16.3.2023, 16:28:31 - DEBUG - Getting stays 
16.3.2023, 16:29:39 - DEBUG - Getting stays 
16.3.2023, 16:30:50 - DEBUG - Getting stays 
16.3.2023, 16:31:34 - DEBUG - Getting stays 
16.3.2023, 16:31:59 - DEBUG - Getting stays 
16.3.2023, 16:32:22 - DEBUG - Getting stays 
16.3.2023, 16:33:17 - DEBUG - Getting stays 
16.3.2023, 16:34:04 - DEBUG - Getting stays 
16.3.2023, 16:34:15 - DEBUG - Getting stays 
16.3.2023, 16:35:13 - DEBUG - Getting stays 
16.3.2023, 16:35:36 - DEBUG - Getting stays 
16.3.2023, 16:35:40 - DEBUG - Getting stays 
16.3.2023, 16:36:36 - DEBUG - Getting stays 
16.3.2023, 16:36:47 - DEBUG - Getting stays 
16.3.2023, 16:37:10 - DEBUG - Getting stays 
16.3.2023, 16:37:34 - DEBUG - Getting stays 
16.3.2023, 16:45:51 - DEBUG - Getting stays 
16.3.2023, 16:45:53 - DEBUG - Getting stays 
16.3.2023, 16:47:32 - DEBUG - Getting stays 
16.3.2023, 16:47:49 - DEBUG - Getting stays 
16.3.2023, 16:47:58 - DEBUG - Getting stays 
16.3.2023, 16:48:08 - DEBUG - Getting stays 
16.3.2023, 16:48:21 - DEBUG - Getting stays 
16.3.2023, 16:48:43 - DEBUG - Getting stays 
16.3.2023, 16:48:56 - DEBUG - Getting stays 
16.3.2023, 16:49:07 - DEBUG - Getting stays 
16.3.2023, 16:49:39 - DEBUG - Getting stays 
16.3.2023, 16:49:59 - DEBUG - Getting stays 
16.3.2023, 16:50:20 - DEBUG - Getting stays 
16.3.2023, 16:50:40 - DEBUG - Getting stays 
16.3.2023, 16:50:46 - DEBUG - Getting stays 
16.3.2023, 16:51:15 - DEBUG - Getting stays 
16.3.2023, 16:51:39 - DEBUG - Getting stays 
16.3.2023, 16:55:46 - DEBUG - Getting stays 
16.3.2023, 16:57:40 - DEBUG - Getting stays 
16.3.2023, 16:58:51 - DEBUG - Getting stays 
16.3.2023, 16:59:16 - DEBUG - Getting stays 
16.3.2023, 16:59:21 - DEBUG - Getting stays 
16.3.2023, 16:59:50 - DEBUG - Getting stays 
16.3.2023, 17:00:59 - DEBUG - Getting stays 
16.3.2023, 17:01:03 - DEBUG - Getting stays 
16.3.2023, 17:01:10 - DEBUG - Getting stays 
16.3.2023, 17:34:24 - DEBUG - Getting stays 
16.3.2023, 17:35:17 - DEBUG - Getting stays 
16.3.2023, 17:36:21 - DEBUG - Getting stays 
16.3.2023, 17:43:07 - DEBUG - Getting stays 
16.3.2023, 17:43:29 - DEBUG - Getting stays 
16.3.2023, 17:48:14 - DEBUG - Getting stays 
16.3.2023, 17:49:36 - DEBUG - Getting stays 
16.3.2023, 17:50:08 - DEBUG - Getting stays 
16.3.2023, 17:50:36 - DEBUG - auth.service - login with username: idan 
16.3.2023, 17:50:36 - INFO - User login:  | {"_id":"6410711d7aae5eb4b8c3218b","username":"idan","fullname":"idan david","imgUrl":"https://res.cloudinary.com/dcwibf9o5/image/upload/v1678799134/rlkzlayoq0ss6dfst40q.jpg"} 
16.3.2023, 17:50:36 - DEBUG - Getting stays 
16.3.2023, 17:53:34 - DEBUG - Getting stays 
16.3.2023, 17:57:46 - DEBUG - Getting stays 
16.3.2023, 18:03:07 - DEBUG - Getting stays 
16.3.2023, 18:03:55 - DEBUG - Getting stays 
16.3.2023, 18:04:02 - DEBUG - Getting stays 
16.3.2023, 18:05:10 - DEBUG - Getting stays 
16.3.2023, 18:05:16 - DEBUG - Getting stays 
16.3.2023, 18:06:16 - DEBUG - Getting stays 
16.3.2023, 18:16:50 - DEBUG - Getting stays 
16.3.2023, 18:17:36 - DEBUG - Getting stays 
16.3.2023, 18:21:24 - DEBUG - Getting stays 
16.3.2023, 18:21:45 - DEBUG - Getting stays 
16.3.2023, 18:22:22 - DEBUG - Getting stays 
16.3.2023, 18:23:05 - DEBUG - Getting stays 
16.3.2023, 18:24:52 - DEBUG - Getting stays 
16.3.2023, 18:25:59 - DEBUG - Getting stays 
16.3.2023, 18:45:12 - DEBUG - Getting stays 
16.3.2023, 18:47:26 - DEBUG - Getting stays 
16.3.2023, 18:48:18 - DEBUG - Getting stays 
16.3.2023, 18:49:44 - DEBUG - Getting stays 
16.3.2023, 18:50:09 - DEBUG - Getting stays 
16.3.2023, 18:51:40 - DEBUG - Getting stays 
16.3.2023, 18:53:09 - DEBUG - Getting stays 
16.3.2023, 18:55:22 - DEBUG - Getting stays 
16.3.2023, 18:55:42 - DEBUG - Getting stays 
16.3.2023, 18:56:07 - DEBUG - Getting stays 
16.3.2023, 18:57:08 - DEBUG - Getting stays 
16.3.2023, 18:58:09 - DEBUG - Getting stays 
16.3.2023, 18:58:16 - DEBUG - Getting stays 
16.3.2023, 18:58:26 - DEBUG - Getting stays 
16.3.2023, 18:59:40 - DEBUG - Getting stays 
16.3.2023, 19:01:37 - DEBUG - Getting stays 
16.3.2023, 19:02:09 - DEBUG - Getting stays 
16.3.2023, 19:02:16 - DEBUG - Getting stays 
16.3.2023, 19:04:40 - DEBUG - Getting stays 
16.3.2023, 19:04:45 - DEBUG - Getting stays 
16.3.2023, 19:06:36 - DEBUG - Getting stays 
16.3.2023, 19:06:44 - DEBUG - Getting stays 
16.3.2023, 19:07:30 - DEBUG - Getting stays 
16.3.2023, 19:08:03 - DEBUG - Getting stays 
16.3.2023, 19:08:41 - DEBUG - Getting stays 
16.3.2023, 19:09:14 - DEBUG - Getting stays 
16.3.2023, 19:09:28 - DEBUG - Getting stays 
16.3.2023, 19:10:41 - DEBUG - Getting stays 
16.3.2023, 19:11:18 - DEBUG - Getting stays 
16.3.2023, 19:12:08 - DEBUG - Getting stays 
16.3.2023, 19:13:05 - DEBUG - Getting stays 
16.3.2023, 19:13:11 - DEBUG - Getting stays 
16.3.2023, 19:13:49 - DEBUG - Getting stays 
16.3.2023, 19:13:57 - DEBUG - Getting stays 
16.3.2023, 19:14:35 - DEBUG - Getting stays 
16.3.2023, 19:14:37 - DEBUG - Getting stays 
16.3.2023, 19:14:51 - DEBUG - Getting stays 
16.3.2023, 19:15:06 - DEBUG - Getting stays 
16.3.2023, 19:15:44 - DEBUG - Getting stays 
16.3.2023, 19:15:53 - DEBUG - Getting stays 
16.3.2023, 19:16:39 - DEBUG - Getting stays 
16.3.2023, 19:18:49 - DEBUG - Getting stays 
16.3.2023, 19:19:25 - DEBUG - Getting stays 
16.3.2023, 19:19:35 - DEBUG - Getting stays 
16.3.2023, 19:20:02 - DEBUG - Getting stays 
16.3.2023, 19:21:10 - DEBUG - Getting stays 
16.3.2023, 19:21:11 - DEBUG - Getting stays 
16.3.2023, 19:22:37 - DEBUG - Getting stays 
16.3.2023, 19:23:04 - DEBUG - Getting stays 
16.3.2023, 19:23:09 - DEBUG - Getting stays 
16.3.2023, 19:24:59 - DEBUG - Getting stays 
16.3.2023, 19:25:02 - DEBUG - Getting stays 
16.3.2023, 19:25:42 - DEBUG - Getting stays 
16.3.2023, 19:25:45 - DEBUG - Getting stays 
16.3.2023, 19:30:12 - DEBUG - Getting stays 
16.3.2023, 19:30:13 - DEBUG - Getting stays 
16.3.2023, 19:30:19 - DEBUG - Getting stays 
16.3.2023, 19:30:20 - DEBUG - Getting stays 
16.3.2023, 19:31:16 - DEBUG - Getting stays 
16.3.2023, 19:31:17 - DEBUG - Getting stays 
16.3.2023, 19:31:49 - DEBUG - Getting stays 
16.3.2023, 19:31:51 - DEBUG - Getting stays 
16.3.2023, 19:32:38 - DEBUG - Getting stays 
16.3.2023, 19:32:40 - DEBUG - Getting stays 
16.3.2023, 19:35:44 - DEBUG - Getting stays 
16.3.2023, 19:35:47 - DEBUG - Getting stays 
16.3.2023, 19:35:56 - DEBUG - Getting stays 
16.3.2023, 19:35:57 - DEBUG - Getting stays 
16.3.2023, 19:36:07 - DEBUG - Getting stays 
16.3.2023, 19:36:10 - DEBUG - Getting stays 
16.3.2023, 19:36:26 - DEBUG - Getting stays 
16.3.2023, 19:36:29 - DEBUG - Getting stays 
16.3.2023, 19:37:12 - DEBUG - Getting stays 
16.3.2023, 19:37:13 - DEBUG - Getting stays 
16.3.2023, 19:37:31 - DEBUG - Getting stays 
16.3.2023, 19:37:33 - DEBUG - Getting stays 
16.3.2023, 20:05:34 - DEBUG - Getting stays 
16.3.2023, 20:05:35 - DEBUG - Getting stays 
16.3.2023, 20:05:38 - DEBUG - Getting stays 
16.3.2023, 20:05:39 - DEBUG - Getting stays 
16.3.2023, 20:22:52 - DEBUG - Getting stays 
16.3.2023, 20:22:53 - DEBUG - Getting stays 
16.3.2023, 20:27:48 - DEBUG - Getting stays 
16.3.2023, 20:28:17 - DEBUG - Getting stays 
16.3.2023, 20:29:41 - ERROR - while finding stay location | BSONError: Argument passed in must be a string of 12 bytes or a string of 24 hex characters or an integer 
16.3.2023, 20:29:41 - ERROR - Failed to get stay | BSONError: Argument passed in must be a string of 12 bytes or a string of 24 hex characters or an integer 
16.3.2023, 20:29:42 - ERROR - while finding stay reviews | BSONError: Argument passed in must be a string of 12 bytes or a string of 24 hex characters or an integer 
16.3.2023, 20:29:42 - ERROR - Failed to get stay | BSONError: Argument passed in must be a string of 12 bytes or a string of 24 hex characters or an integer 
16.3.2023, 20:29:43 - ERROR - while finding stay location | BSONError: Argument passed in must be a string of 12 bytes or a string of 24 hex characters or an integer 
16.3.2023, 20:29:43 - ERROR - Failed to get stay | BSONError: Argument passed in must be a string of 12 bytes or a string of 24 hex characters or an integer 
16.3.2023, 20:30:08 - DEBUG - Getting stays 
16.3.2023, 20:30:17 - DEBUG - Getting orders 
16.3.2023, 20:30:21 - DEBUG - Getting orders 
16.3.2023, 20:30:23 - DEBUG - Getting orders 
16.3.2023, 20:30:34 - DEBUG - Getting stays 
16.3.2023, 20:30:40 - DEBUG - Getting stays 
16.3.2023, 20:31:08 - DEBUG - Getting stays 
16.3.2023, 20:31:09 - DEBUG - Getting stays 
16.3.2023, 20:31:23 - DEBUG - Getting stays 
18.3.2023, 21:57:07 - INFO - Server is running on port: 3030 
18.3.2023, 21:57:16 - DEBUG - Getting stays 
18.3.2023, 21:57:19 - DEBUG - Getting stays 
18.3.2023, 22:03:22 - DEBUG - Getting stays 
18.3.2023, 22:03:24 - DEBUG - Getting stays 
18.3.2023, 22:06:05 - DEBUG - Getting stays 
18.3.2023, 22:06:07 - DEBUG - Getting stays 
18.3.2023, 22:12:04 - DEBUG - Getting stays 
18.3.2023, 22:12:12 - DEBUG - Getting stays 
18.3.2023, 22:12:12 - DEBUG - Getting stays 
18.3.2023, 22:12:32 - DEBUG - Getting stays 
18.3.2023, 22:12:34 - ERROR - cannot find stays | MongoServerSelectionError: getaddrinfo ENOTFOUND ac-bqng4bz-shard-00-01.zkktgr5.mongodb.net 
18.3.2023, 22:12:34 - ERROR - Failed to get stays | MongoServerSelectionError: getaddrinfo ENOTFOUND ac-bqng4bz-shard-00-01.zkktgr5.mongodb.net 
18.3.2023, 22:12:42 - ERROR - cannot find stays | MongoServerSelectionError: getaddrinfo ENOTFOUND ac-bqng4bz-shard-00-01.zkktgr5.mongodb.net 
18.3.2023, 22:12:42 - ERROR - Failed to get stays | MongoServerSelectionError: getaddrinfo ENOTFOUND ac-bqng4bz-shard-00-01.zkktgr5.mongodb.net 
18.3.2023, 22:12:42 - ERROR - cannot find stays | MongoServerSelectionError: getaddrinfo ENOTFOUND ac-bqng4bz-shard-00-01.zkktgr5.mongodb.net 
18.3.2023, 22:12:42 - ERROR - Failed to get stays | MongoServerSelectionError: getaddrinfo ENOTFOUND ac-bqng4bz-shard-00-01.zkktgr5.mongodb.net 
18.3.2023, 22:13:02 - ERROR - cannot find stays | MongoServerSelectionError: getaddrinfo ENOTFOUND ac-bqng4bz-shard-00-01.zkktgr5.mongodb.net 
18.3.2023, 22:13:02 - ERROR - Failed to get stays | MongoServerSelectionError: getaddrinfo ENOTFOUND ac-bqng4bz-shard-00-01.zkktgr5.mongodb.net 
18.3.2023, 22:14:16 - DEBUG - Getting stays 
18.3.2023, 22:14:36 - DEBUG - Getting stays 
18.3.2023, 22:14:46 - ERROR - cannot find stays | MongoServerSelectionError: getaddrinfo ENOTFOUND ac-bqng4bz-shard-00-01.zkktgr5.mongodb.net 
18.3.2023, 22:14:46 - ERROR - Failed to get stays | MongoServerSelectionError: getaddrinfo ENOTFOUND ac-bqng4bz-shard-00-01.zkktgr5.mongodb.net 
18.3.2023, 22:15:06 - ERROR - cannot find stays | MongoServerSelectionError: getaddrinfo ENOTFOUND ac-bqng4bz-shard-00-01.zkktgr5.mongodb.net 
18.3.2023, 22:15:06 - ERROR - Failed to get stays | MongoServerSelectionError: getaddrinfo ENOTFOUND ac-bqng4bz-shard-00-01.zkktgr5.mongodb.net 
18.3.2023, 22:15:10 - DEBUG - Getting stays 
18.3.2023, 22:15:30 - DEBUG - Getting stays 
18.3.2023, 22:15:40 - ERROR - cannot find stays | MongoServerSelectionError: getaddrinfo ENOTFOUND ac-bqng4bz-shard-00-01.zkktgr5.mongodb.net 
18.3.2023, 22:15:40 - ERROR - Failed to get stays | MongoServerSelectionError: getaddrinfo ENOTFOUND ac-bqng4bz-shard-00-01.zkktgr5.mongodb.net 
18.3.2023, 22:15:57 - DEBUG - Getting stays 
18.3.2023, 22:16:00 - ERROR - cannot find stays | MongoServerSelectionError: getaddrinfo ENOTFOUND ac-bqng4bz-shard-00-01.zkktgr5.mongodb.net 
18.3.2023, 22:16:00 - ERROR - Failed to get stays | MongoServerSelectionError: getaddrinfo ENOTFOUND ac-bqng4bz-shard-00-01.zkktgr5.mongodb.net 
18.3.2023, 22:16:17 - DEBUG - Getting stays 
18.3.2023, 22:16:25 - DEBUG - Getting stays 
18.3.2023, 22:16:27 - ERROR - cannot find stays | MongoServerSelectionError: getaddrinfo ENOTFOUND ac-bqng4bz-shard-00-01.zkktgr5.mongodb.net 
18.3.2023, 22:16:27 - ERROR - Failed to get stays | MongoServerSelectionError: getaddrinfo ENOTFOUND ac-bqng4bz-shard-00-01.zkktgr5.mongodb.net 
18.3.2023, 22:16:45 - DEBUG - Getting stays 
18.3.2023, 22:16:47 - ERROR - cannot find stays | MongoServerSelectionError: getaddrinfo ENOTFOUND ac-bqng4bz-shard-00-01.zkktgr5.mongodb.net 
18.3.2023, 22:16:47 - ERROR - Failed to get stays | MongoServerSelectionError: getaddrinfo ENOTFOUND ac-bqng4bz-shard-00-01.zkktgr5.mongodb.net 
18.3.2023, 22:16:55 - ERROR - cannot find stays | MongoServerSelectionError: getaddrinfo ENOTFOUND ac-bqng4bz-shard-00-01.zkktgr5.mongodb.net 
18.3.2023, 22:16:55 - ERROR - Failed to get stays | MongoServerSelectionError: getaddrinfo ENOTFOUND ac-bqng4bz-shard-00-01.zkktgr5.mongodb.net 
18.3.2023, 22:17:15 - ERROR - cannot find stays | MongoServerSelectionError: getaddrinfo ENOTFOUND ac-bqng4bz-shard-00-01.zkktgr5.mongodb.net 
18.3.2023, 22:17:15 - ERROR - Failed to get stays | MongoServerSelectionError: getaddrinfo ENOTFOUND ac-bqng4bz-shard-00-01.zkktgr5.mongodb.net 
18.3.2023, 22:17:23 - DEBUG - Getting stays 
18.3.2023, 22:17:43 - DEBUG - Getting stays 
18.3.2023, 22:17:53 - ERROR - cannot find stays | MongoServerSelectionError: getaddrinfo ENOTFOUND ac-bqng4bz-shard-00-01.zkktgr5.mongodb.net 
18.3.2023, 22:17:53 - ERROR - Failed to get stays | MongoServerSelectionError: getaddrinfo ENOTFOUND ac-bqng4bz-shard-00-01.zkktgr5.mongodb.net 
18.3.2023, 22:18:27 - DEBUG - Getting stays 
18.3.2023, 22:18:28 - DEBUG - Getting stays 
18.3.2023, 22:18:42 - DEBUG - Getting stays 
18.3.2023, 22:18:42 - DEBUG - Getting stays 
18.3.2023, 22:19:39 - DEBUG - Getting stays 
18.3.2023, 22:19:43 - DEBUG - Getting stays 
18.3.2023, 22:19:44 - DEBUG - Getting stays 
18.3.2023, 22:19:45 - DEBUG - Getting stays 
18.3.2023, 22:19:55 - DEBUG - Getting stays 
18.3.2023, 22:19:55 - DEBUG - Getting stays 
18.3.2023, 22:20:03 - DEBUG - Getting stays 
18.3.2023, 22:20:04 - DEBUG - Getting stays 
18.3.2023, 22:25:35 - DEBUG - Getting stays 
18.3.2023, 22:25:37 - DEBUG - Getting stays 
18.3.2023, 22:26:15 - DEBUG - Getting stays 
18.3.2023, 22:28:22 - DEBUG - Getting stays 
18.3.2023, 22:28:23 - DEBUG - Getting stays 
18.3.2023, 22:28:43 - DEBUG - auth.service - login with username: idan 
18.3.2023, 22:28:43 - INFO - User login:  | {"_id":"6410711d7aae5eb4b8c3218b","username":"idan","fullname":"idan david","imgUrl":"https://res.cloudinary.com/dcwibf9o5/image/upload/v1678799134/rlkzlayoq0ss6dfst40q.jpg"} 
18.3.2023, 22:28:43 - DEBUG - Getting stays 
19.3.2023, 10:18:40 - INFO - Server is running on port: 3030 
19.3.2023, 10:19:01 - DEBUG - Getting stays 
19.3.2023, 10:19:05 - DEBUG - Getting stays 
19.3.2023, 10:21:53 - DEBUG - Getting stays 
19.3.2023, 10:22:16 - DEBUG - Getting stays 
19.3.2023, 10:22:56 - DEBUG - Getting stays 
19.3.2023, 10:35:43 - DEBUG - Getting stays 
19.3.2023, 10:36:23 - DEBUG - Getting stays 
19.3.2023, 10:37:55 - DEBUG - Getting stays 
19.3.2023, 10:38:11 - DEBUG - Getting stays 
19.3.2023, 10:38:18 - DEBUG - Getting stays 
19.3.2023, 10:38:47 - DEBUG - Getting stays 
19.3.2023, 10:39:52 - DEBUG - Getting stays 
19.3.2023, 10:39:56 - DEBUG - Getting stays 
19.3.2023, 10:40:01 - DEBUG - Getting stays 
19.3.2023, 11:07:47 - DEBUG - Getting stays 
19.3.2023, 11:07:54 - DEBUG - Getting stays 
19.3.2023, 11:09:08 - DEBUG - Getting stays 
19.3.2023, 11:13:30 - DEBUG - Getting stays 
19.3.2023, 11:14:48 - DEBUG - Getting stays 
19.3.2023, 11:16:16 - DEBUG - Getting stays 
19.3.2023, 11:17:42 - DEBUG - Getting stays 
19.3.2023, 11:18:08 - DEBUG - Getting stays 
19.3.2023, 11:18:15 - DEBUG - Getting stays 
19.3.2023, 11:18:47 - DEBUG - Getting stays 
19.3.2023, 11:24:07 - DEBUG - Getting stays 
19.3.2023, 11:30:59 - DEBUG - Getting stays 
19.3.2023, 11:31:32 - DEBUG - Getting stays 
19.3.2023, 11:34:04 - DEBUG - Getting stays 
19.3.2023, 11:34:28 - DEBUG - Getting stays 
19.3.2023, 11:35:12 - DEBUG - Getting stays 
19.3.2023, 11:35:18 - DEBUG - Getting stays 
19.3.2023, 11:36:29 - DEBUG - Getting stays 
19.3.2023, 11:36:54 - DEBUG - Getting stays 
19.3.2023, 11:37:22 - DEBUG - Getting stays 
19.3.2023, 11:37:45 - DEBUG - Getting stays 
19.3.2023, 11:37:53 - DEBUG - Getting stays 
19.3.2023, 11:40:08 - DEBUG - Getting stays 
19.3.2023, 11:42:47 - DEBUG - Getting stays 
19.3.2023, 11:42:55 - DEBUG - Getting stays 
19.3.2023, 11:43:24 - DEBUG - Getting stays 
19.3.2023, 11:47:06 - DEBUG - Getting stays 
19.3.2023, 11:51:41 - DEBUG - Getting stays 
19.3.2023, 11:52:34 - DEBUG - Getting stays 
19.3.2023, 11:53:03 - DEBUG - Getting stays 
19.3.2023, 11:53:35 - DEBUG - Getting stays 
19.3.2023, 11:53:53 - DEBUG - Getting stays 
19.3.2023, 11:55:42 - DEBUG - Getting stays 
19.3.2023, 11:56:45 - DEBUG - Getting stays 
19.3.2023, 11:58:11 - DEBUG - Getting stays 
19.3.2023, 11:59:51 - DEBUG - Getting stays 
19.3.2023, 12:00:32 - DEBUG - Getting stays 
19.3.2023, 12:01:51 - DEBUG - Getting stays 
19.3.2023, 12:03:27 - DEBUG - Getting stays 
19.3.2023, 12:03:58 - DEBUG - Getting stays 
19.3.2023, 12:05:48 - DEBUG - Getting stays 
19.3.2023, 12:06:51 - DEBUG - Getting stays 
19.3.2023, 12:07:39 - DEBUG - Getting stays 
19.3.2023, 12:08:31 - DEBUG - Getting stays 
19.3.2023, 12:10:40 - DEBUG - Getting stays 
19.3.2023, 12:12:44 - DEBUG - Getting stays 
